app/build/intermediates/manifest_merge_blame_file/debug/manifest-merger-blame-debug-report.txt
1<?xml version="1.0" encoding="utf-8"?>
2<manifest xmlns:android="http://schemas.android.com/apk/res/android"
3    package="net.penguincoders.doit"
4    android:versionCode="1"
5    android:versionName="1.0" >
6
7    <uses-sdk
8        android:minSdkVersion="23"
8-->src\main\AndroidManifest.xml
9        android:targetSdkVersion="29" />
9-->src\main\AndroidManifest.xml
10
11    <uses-permission android:name="android.permission.INTERNET" />
11-->src\main\AndroidManifest.xml:5:5-67
11-->src\main\AndroidManifest.xml:5:22-64
12    <uses-permission android:name="android.permission.ACCESS_FINE_LOCATION" />
12-->src\main\AndroidManifest.xml:6:5-79
12-->src\main\AndroidManifest.xml:6:22-76
13
14    <!-- Include required permissions for Google Maps API to run. -->
15    <uses-permission android:name="android.permission.ACCESS_NETWORK_STATE" />
15-->[com.google.android.gms:play-services-maps:17.0.0] AndroidManifest.xml:23:5-79
15-->[com.google.android.gms:play-services-maps:17.0.0] AndroidManifest.xml:23:22-76
16
17    <uses-feature
17-->[com.google.android.gms:play-services-maps:17.0.0] AndroidManifest.xml:26:5-28:35
18        android:glEsVersion="0x00020000"
18-->[com.google.android.gms:play-services-maps:17.0.0] AndroidManifest.xml:27:9-41
19        android:required="true" />
19-->[com.google.android.gms:play-services-maps:17.0.0] AndroidManifest.xml:28:9-32
20
21    <application
21-->src\main\AndroidManifest.xml:8:5-47:19
22        android:allowBackup="true"
22-->src\main\AndroidManifest.xml:9:9-35
23        android:appComponentFactory="androidx.core.app.CoreComponentFactory"
23-->[androidx.core:core:1.1.0] AndroidManifest.xml:24:18-86
24        android:debuggable="true"
25        android:extractNativeLibs="false"
26        android:icon="@drawable/appicon"
26-->src\main\AndroidManifest.xml:10:9-41
27        android:label="@string/app_name"
27-->src\main\AndroidManifest.xml:11:9-41
28        android:roundIcon="@drawable/iconp"
28-->src\main\AndroidManifest.xml:12:9-44
29        android:supportsRtl="true"
29-->src\main\AndroidManifest.xml:13:9-35
30        android:theme="@style/AppTheme" >
30-->src\main\AndroidManifest.xml:14:9-40
31        <activity android:name="net.penguincoders.doit.AboutActivity" />
31-->src\main\AndroidManifest.xml:15:9-60
31-->src\main\AndroidManifest.xml:15:19-48
32        <activity
32-->src\main\AndroidManifest.xml:16:9-18:56
33            android:name="net.penguincoders.doit.NearbyHospitalsActivity"
33-->src\main\AndroidManifest.xml:17:13-52
34            android:label="@string/nearby_hospitals" />
34-->src\main\AndroidManifest.xml:18:13-53
35        <activity
35-->src\main\AndroidManifest.xml:19:9-21:46
36            android:name="net.penguincoders.doit.CoronaTipsActivity"
36-->src\main\AndroidManifest.xml:20:13-47
37            android:label="@string/corona" />
37-->src\main\AndroidManifest.xml:21:13-43
38        <activity
38-->src\main\AndroidManifest.xml:22:9-24:51
39            android:name="net.penguincoders.doit.HealthTipsActivity"
39-->src\main\AndroidManifest.xml:23:13-47
40            android:label="@string/health_tips" />
40-->src\main\AndroidManifest.xml:24:13-48
41        <activity
41-->src\main\AndroidManifest.xml:25:9-27:54
42            android:name="net.penguincoders.doit.FirstAidTipsActivity"
42-->src\main\AndroidManifest.xml:26:13-49
43            android:label="@string/first_aid_tips" />
43-->src\main\AndroidManifest.xml:27:13-51
44        <activity
44-->src\main\AndroidManifest.xml:28:9-30:53
45            android:name="net.penguincoders.doit.KnowYourMedActivity"
45-->src\main\AndroidManifest.xml:29:13-48
46            android:label="@string/know_your_med" />
46-->src\main\AndroidManifest.xml:30:13-50
47        <activity android:name="net.penguincoders.doit.ButtonPageActivity" />
47-->src\main\AndroidManifest.xml:31:9-56
47-->src\main\AndroidManifest.xml:31:19-53
48        <activity android:name="net.penguincoders.doit.SplashActivity" >
48-->src\main\AndroidManifest.xml:32:9-38:20
48-->src\main\AndroidManifest.xml:32:19-49
49            <intent-filter>
49-->src\main\AndroidManifest.xml:33:13-37:29
50                <category android:name="android.intent.category.LAUNCHER" />
50-->src\main\AndroidManifest.xml:34:17-77
50-->src\main\AndroidManifest.xml:34:27-74
51
52                <action android:name="android.intent.action.MAIN" />
52-->src\main\AndroidManifest.xml:36:17-69
52-->src\main\AndroidManifest.xml:36:25-66
53            </intent-filter>
54        </activity>
55        <activity android:name="net.penguincoders.doit.MainActivity" />
55-->src\main\AndroidManifest.xml:39:9-50
55-->src\main\AndroidManifest.xml:39:19-47
56
57        <meta-data
57-->src\main\AndroidManifest.xml:41:9-43:57
58            android:name="preloaded_fonts"
58-->src\main\AndroidManifest.xml:42:13-43
59            android:resource="@array/preloaded_fonts" />
59-->src\main\AndroidManifest.xml:43:13-54
60        <meta-data
60-->src\main\AndroidManifest.xml:44:9-46:71
61            android:name="com.google.android.geo.API_KEY"
61-->src\main\AndroidManifest.xml:45:13-58
62            android:value="AIzaSyB_qsP8AOP_P0MdlPz-48TDaJYjTP3vbjo" />
62-->src\main\AndroidManifest.xml:46:13-68
63        <!-- Needs to be explicitly declared on P+ -->
64        <uses-library
64-->[com.google.android.gms:play-services-maps:17.0.0] AndroidManifest.xml:33:9-35:40
65            android:name="org.apache.http.legacy"
65-->[com.google.android.gms:play-services-maps:17.0.0] AndroidManifest.xml:34:13-50
66            android:required="false" />
66-->[com.google.android.gms:play-services-maps:17.0.0] AndroidManifest.xml:35:13-37
67
68        <activity
68-->[com.google.android.gms:play-services-base:17.0.0] AndroidManifest.xml:23:9-26:75
69            android:name="com.google.android.gms.common.api.GoogleApiActivity"
69-->[com.google.android.gms:play-services-base:17.0.0] AndroidManifest.xml:24:13-79
70            android:exported="false"
70-->[com.google.android.gms:play-services-base:17.0.0] AndroidManifest.xml:25:13-37
71            android:theme="@android:style/Theme.Translucent.NoTitleBar" />
71-->[com.google.android.gms:play-services-base:17.0.0] AndroidManifest.xml:26:13-72
72
73        <meta-data
73-->[com.google.android.gms:play-services-basement:17.0.0] AndroidManifest.xml:23:9-25:69
74            android:name="com.google.android.gms.version"
74-->[com.google.android.gms:play-services-basement:17.0.0] AndroidManifest.xml:24:13-58
75            android:value="@integer/google_play_services_version" />
75-->[com.google.android.gms:play-services-basement:17.0.0] AndroidManifest.xml:25:13-66
76    </application>
77
78</manifest>